Vivado Simulator 2016.4
Time resolution is 1 ps
inst at ctrl module : xxxx
inst at ctrl module : xxxx
ctrl : nothing!
RF changed : 0000, 0000, 0000, 0000

-----------------------------------

pc_out : 0022

-----------------------------------

pc_out : 0023

-----------------------------------

pc_out : 0024
MEMWB_rdata_out : zzzz
inst at ctrl module : 6000
ctrl : LHI

-----------------------------------

pc_out : 0025
inst at ctrl module : f01c
ctrl : WWD

-----------------------------------

pc_out : 0026
Forwarded : MEM -> rs
Forwarded : MEM -> rt
inst at ctrl module : 6100
ctrl : LHI
Test #  1-1 has been Passed!
output_port = 0x0 (Ans : 0x0)

-----------------------------------

pc_out : 0027
Forwarded : WB -> rs
inst at ctrl module : f41c
ctrl : WWD
RF_wData : 0000

-----------------------------------

pc_out : 0028
Forwarded : MEM -> rs
inst at ctrl module : 6200
ctrl : LHI
RF_wData : 1c00
Test #  1-2 has been Passed!
output_port = 0x0 (Ans : 0x0)

-----------------------------------

pc_out : 0029
inst at ctrl module : f81c
ctrl : WWD
RF_wData : 0000

-----------------------------------

pc_out : 002a
Forwarded : MEM -> rs
inst at ctrl module : 6300
ctrl : LHI
RF_wData : 1c00
Test #  1-3 has been Passed!
output_port = 0x0 (Ans : 0x0)

-----------------------------------

pc_out : 002b
inst at ctrl module : fc1c
ctrl : WWD
RF_wData : 0000

-----------------------------------

pc_out : 002c
Forwarded : MEM -> rs
inst at ctrl module : 4401
ctrl : ADI
RF_wData : 1c00
Test #  1-4 has been Passed!
output_port = 0x0 (Ans : 0x0)

-----------------------------------

pc_out : 002d
inst at ctrl module : f01c
ctrl : WWD
RF_wData : 0000

-----------------------------------

pc_out : 002e
Forwarded : MEM -> rs
Forwarded : MEM -> rt
inst at ctrl module : 4001
ctrl : ADI
RF_wData : 1c00
Test #  2-1 has been Passed!
output_port = 0x1 (Ans : 0x1)

-----------------------------------

pc_out : 002f
Forwarded : WB -> rs
Forwarded : WB -> rs
inst at ctrl module : f01c
ctrl : WWD
RF_wData : 0001
RF changed : 0001, 0000, 0000, 0000

-----------------------------------

pc_out : 0030
Forwarded : MEM -> rs
Forwarded : MEM -> rt
inst at ctrl module : 5901
ctrl : ORI
RF_wData : 001d
Test #  2-2 has been Passed!
output_port = 0x2 (Ans : 0x2)

-----------------------------------

pc_out : 0031
inst at ctrl module : f41c
ctrl : WWD
RF_wData : 0002
RF changed : 0002, 0000, 0000, 0000

-----------------------------------

pc_out : 0032
Forwarded : MEM -> rs
inst at ctrl module : 5502
ctrl : ORI
RF_wData : 001e
Test #  3-1 has been Passed!
output_port = 0x1 (Ans : 0x1)

-----------------------------------

pc_out : 0033
Forwarded : WB -> rs
Forwarded : WB -> rs
inst at ctrl module : f41c
ctrl : WWD
RF_wData : 0001
RF changed : 0002, 0001, 0000, 0000

-----------------------------------

pc_out : 0034
Forwarded : MEM -> rs
inst at ctrl module : 5503
ctrl : ORI
RF_wData : 001d
Test #  3-2 has been Passed!
output_port = 0x3 (Ans : 0x3)

-----------------------------------

pc_out : 0035
Forwarded : WB -> rs
Forwarded : WB -> rs
inst at ctrl module : f41c
ctrl : WWD
RF_wData : 0003
RF changed : 0002, 0003, 0000, 0000

-----------------------------------

pc_out : 0036
Forwarded : MEM -> rs
inst at ctrl module : f2c0
ctrl : ADD
RF_wData : 001f
Test #  3-3 has been Passed!
output_port = 0x3 (Ans : 0x3)

-----------------------------------

pc_out : 0037
inst at ctrl module : fc1c
ctrl : WWD
RF_wData : 0003

-----------------------------------

pc_out : 0038
Forwarded : MEM -> rs
inst at ctrl module : f6c0
ctrl : ADD
RF_wData : 001f
Test #  4-1 has been Passed!
output_port = 0x2 (Ans : 0x2)

-----------------------------------

pc_out : 0039
inst at ctrl module : fc1c
ctrl : WWD
RF_wData : 0002
RF changed : 0002, 0003, 0000, 0002

-----------------------------------

pc_out : 003a
Forwarded : MEM -> rs
inst at ctrl module : f1c0
ctrl : ADD
RF_wData : 0004
Test #  4-2 has been Passed!
output_port = 0x3 (Ans : 0x3)

-----------------------------------

pc_out : 003b
inst at ctrl module : fc1c
ctrl : WWD
RF_wData : 0003
RF changed : 0002, 0003, 0000, 0003

-----------------------------------

pc_out : 003c
Forwarded : MEM -> rs
inst at ctrl module : f2c1
ctrl : SUB
RF_wData : 0005
Test #  4-3 has been Passed!
output_port = 0x5 (Ans : 0x5)

-----------------------------------

pc_out : 003d
inst at ctrl module : fc1c
ctrl : WWD
RF changed : 0002, 0003, 0000, 0005

-----------------------------------

pc_out : 003e
Forwarded : MEM -> rs
inst at ctrl module : f8c1
ctrl : SUB
RF_wData : 0007
Test #  5-1 has been Passed!
output_port = 0x2 (Ans : 0x2)

-----------------------------------

pc_out : 003f
inst at ctrl module : fc1c
ctrl : WWD
RF_wData : 0002
RF changed : 0002, 0003, 0000, 0002

-----------------------------------

pc_out : 0040
Forwarded : MEM -> rs
inst at ctrl module : f6c1
ctrl : SUB
RF_wData : 0000
Test #  5-2 has been Passed!
output_port = 0xfffe (Ans : 0xfffe)

-----------------------------------

pc_out : 0041
inst at ctrl module : fc1c
ctrl : WWD
RF_wData : fffe
RF changed : 0002, 0003, 0000, fffe

-----------------------------------

pc_out : 0042
Forwarded : MEM -> rs
inst at ctrl module : f9c1
ctrl : SUB
RF_wData : fffc
Test #  5-3 has been Passed!
output_port = 0x3 (Ans : 0x3)

-----------------------------------

pc_out : 0043
inst at ctrl module : fc1c
ctrl : WWD
RF_wData : 0003
RF changed : 0002, 0003, 0000, 0003

-----------------------------------

pc_out : 0044
Forwarded : MEM -> rs
inst at ctrl module : f1c1
ctrl : SUB
RF_wData : 0001
Test #  5-4 has been Passed!
output_port = 0xfffd (Ans : 0xfffd)

-----------------------------------

pc_out : 0045
inst at ctrl module : fc1c
ctrl : WWD
RF_wData : fffd
RF changed : 0002, 0003, 0000, fffd

-----------------------------------

pc_out : 0046
Forwarded : MEM -> rs
inst at ctrl module : f4c1
ctrl : SUB
RF_wData : fffb
Test #  5-5 has been Passed!
output_port = 0xffff (Ans : 0xffff)

-----------------------------------

pc_out : 0047
inst at ctrl module : fc1c
ctrl : WWD
RF_wData : ffff
RF changed : 0002, 0003, 0000, ffff

-----------------------------------

pc_out : 0048
Forwarded : MEM -> rs
inst at ctrl module : f2c2
ctrl : AND
RF_wData : fffd
Test #  5-6 has been Passed!
output_port = 0x1 (Ans : 0x1)

-----------------------------------

pc_out : 0049
inst at ctrl module : fc1c
ctrl : WWD
RF_wData : 0001
RF changed : 0002, 0003, 0000, 0001

-----------------------------------

pc_out : 004a
Forwarded : MEM -> rs
inst at ctrl module : f6c2
ctrl : AND
RF_wData : ffff
Test #  6-1 has been Passed!
output_port = 0x0 (Ans : 0x0)

-----------------------------------

pc_out : 004b
inst at ctrl module : fc1c
ctrl : WWD
RF_wData : 0000
RF changed : 0002, 0003, 0000, 0000

-----------------------------------

pc_out : 004c
Forwarded : MEM -> rs
inst at ctrl module : f1c2
ctrl : AND
Test #  6-2 has been Passed!
output_port = 0x0 (Ans : 0x0)

-----------------------------------

pc_out : 004d
inst at ctrl module : fc1c
ctrl : WWD

-----------------------------------

pc_out : 004e
Forwarded : MEM -> rs
inst at ctrl module : f2c3
ctrl : ORR
Test #  6-3 has been Passed!
output_port = 0x2 (Ans : 0x2)

-----------------------------------

pc_out : 004f
inst at ctrl module : fc1c
ctrl : WWD
RF_wData : 0002
RF changed : 0002, 0003, 0000, 0002

-----------------------------------

pc_out : 0050
Forwarded : MEM -> rs
inst at ctrl module : f6c3
ctrl : ORR
Test #  7-1 has been Passed!
output_port = 0x2 (Ans : 0x2)

-----------------------------------

pc_out : 0051
inst at ctrl module : fc1c
ctrl : WWD

-----------------------------------

pc_out : 0052
Forwarded : MEM -> rs
inst at ctrl module : f1c3
ctrl : ORR
Test #  7-2 has been Passed!
output_port = 0x3 (Ans : 0x3)

-----------------------------------

pc_out : 0053
inst at ctrl module : fc1c
ctrl : WWD
RF_wData : 0003
RF changed : 0002, 0003, 0000, 0003

-----------------------------------

pc_out : 0054
Forwarded : MEM -> rs
inst at ctrl module : f0c4
ctrl : NOT
Test #  7-3 has been Passed!
output_port = 0x3 (Ans : 0x3)

-----------------------------------

pc_out : 0055
inst at ctrl module : fc1c
ctrl : WWD

-----------------------------------

pc_out : 0056
