INFO: [VRFC 10-2263] Analyzing Verilog file "/home/steven/Desktop/vivado/HW5_pipeline/pipelined_CPU/pipelined_CPU.srcs/sources_1/imports/HW5/memory.v" into library xil_defaultlib
INFO: [VRFC 10-311] analyzing module Memory
INFO: [VRFC 10-2263] Analyzing Verilog file "/home/steven/Desktop/vivado/HW5_pipeline/pipelined_CPU/pipelined_CPU.srcs/sources_1/imports/new/Register.v" into library xil_defaultlib
INFO: [VRFC 10-311] analyzing module Register
WARNING: [VRFC 10-1315] redeclaration of ansi port out is not allowed [/home/steven/Desktop/vivado/HW5_pipeline/pipelined_CPU/pipelined_CPU.srcs/sources_1/imports/new/Register.v:31]
WARNING: [VRFC 10-986] literal value truncated to fit in 2 bits [/home/steven/Desktop/vivado/HW5_pipeline/pipelined_CPU/pipelined_CPU.srcs/sources_1/imports/new/Register.v:35]
INFO: [VRFC 10-2263] Analyzing Verilog file "/home/steven/Desktop/vivado/HW5_pipeline/pipelined_CPU/pipelined_CPU.srcs/sources_1/imports/new/RegisterFile.v" into library xil_defaultlib
INFO: [VRFC 10-311] analyzing module RegisterFile
WARNING: [VRFC 10-1315] redeclaration of ansi port data1 is not allowed [/home/steven/Desktop/vivado/HW5_pipeline/pipelined_CPU/pipelined_CPU.srcs/sources_1/imports/new/RegisterFile.v:56]
WARNING: [VRFC 10-1315] redeclaration of ansi port data2 is not allowed [/home/steven/Desktop/vivado/HW5_pipeline/pipelined_CPU/pipelined_CPU.srcs/sources_1/imports/new/RegisterFile.v:57]
INFO: [VRFC 10-2263] Analyzing Verilog file "/home/steven/Desktop/vivado/HW5_pipeline/pipelined_CPU/pipelined_CPU.srcs/sources_1/new/modules.v" into library xil_defaultlib
INFO: [VRFC 10-311] analyzing module signExtension
WARNING: [VRFC 10-1315] redeclaration of ansi port out is not allowed [/home/steven/Desktop/vivado/HW5_pipeline/pipelined_CPU/pipelined_CPU.srcs/sources_1/new/modules.v:13]
INFO: [VRFC 10-311] analyzing module forward
WARNING: [VRFC 10-1315] redeclaration of ansi port ALUsrc1 is not allowed [/home/steven/Desktop/vivado/HW5_pipeline/pipelined_CPU/pipelined_CPU.srcs/sources_1/new/modules.v:43]
WARNING: [VRFC 10-1315] redeclaration of ansi port ALUsrc2 is not allowed [/home/steven/Desktop/vivado/HW5_pipeline/pipelined_CPU/pipelined_CPU.srcs/sources_1/new/modules.v:44]
INFO: [VRFC 10-311] analyzing module stalling
WARNING: [VRFC 10-1315] redeclaration of ansi port isStalled is not allowed [/home/steven/Desktop/vivado/HW5_pipeline/pipelined_CPU/pipelined_CPU.srcs/sources_1/new/modules.v:94]
INFO: [VRFC 10-311] analyzing module flushing
WARNING: [VRFC 10-1315] redeclaration of ansi port IFID_Flush is not allowed [/home/steven/Desktop/vivado/HW5_pipeline/pipelined_CPU/pipelined_CPU.srcs/sources_1/new/modules.v:171]
WARNING: [VRFC 10-1315] redeclaration of ansi port IDEX_Flush is not allowed [/home/steven/Desktop/vivado/HW5_pipeline/pipelined_CPU/pipelined_CPU.srcs/sources_1/new/modules.v:172]
WARNING: [VRFC 10-1315] redeclaration of ansi port PCsrc is not allowed [/home/steven/Desktop/vivado/HW5_pipeline/pipelined_CPU/pipelined_CPU.srcs/sources_1/new/modules.v:173]
WARNING: [VRFC 10-1315] redeclaration of ansi port update is not allowed [/home/steven/Desktop/vivado/HW5_pipeline/pipelined_CPU/pipelined_CPU.srcs/sources_1/new/modules.v:176]
WARNING: [VRFC 10-1315] redeclaration of ansi port pc_update is not allowed [/home/steven/Desktop/vivado/HW5_pipeline/pipelined_CPU/pipelined_CPU.srcs/sources_1/new/modules.v:177]
WARNING: [VRFC 10-1315] redeclaration of ansi port target_addr is not allowed [/home/steven/Desktop/vivado/HW5_pipeline/pipelined_CPU/pipelined_CPU.srcs/sources_1/new/modules.v:178]
WARNING: [VRFC 10-1315] redeclaration of ansi port branchMissPred is not allowed [/home/steven/Desktop/vivado/HW5_pipeline/pipelined_CPU/pipelined_CPU.srcs/sources_1/new/modules.v:189]
WARNING: [VRFC 10-1315] redeclaration of ansi port branchPred is not allowed [/home/steven/Desktop/vivado/HW5_pipeline/pipelined_CPU/pipelined_CPU.srcs/sources_1/new/modules.v:193]
WARNING: [VRFC 10-1315] redeclaration of ansi port jumpPred is not allowed [/home/steven/Desktop/vivado/HW5_pipeline/pipelined_CPU/pipelined_CPU.srcs/sources_1/new/modules.v:198]
INFO: [VRFC 10-311] analyzing module targetAddress
WARNING: [VRFC 10-1315] redeclaration of ansi port jumpAddr is not allowed [/home/steven/Desktop/vivado/HW5_pipeline/pipelined_CPU/pipelined_CPU.srcs/sources_1/new/modules.v:290]
WARNING: [VRFC 10-1315] redeclaration of ansi port jumpRAddr is not allowed [/home/steven/Desktop/vivado/HW5_pipeline/pipelined_CPU/pipelined_CPU.srcs/sources_1/new/modules.v:291]
WARNING: [VRFC 10-1315] redeclaration of ansi port branchAddr is not allowed [/home/steven/Desktop/vivado/HW5_pipeline/pipelined_CPU/pipelined_CPU.srcs/sources_1/new/modules.v:292]
INFO: [VRFC 10-311] analyzing module halt
WARNING: [VRFC 10-1315] redeclaration of ansi port is_halted is not allowed [/home/steven/Desktop/vivado/HW5_pipeline/pipelined_CPU/pipelined_CPU.srcs/sources_1/new/modules.v:335]
INFO: [VRFC 10-2263] Analyzing Verilog file "/home/steven/Desktop/vivado/HW5_pipeline/pipelined_CPU/pipelined_CPU.srcs/sources_1/imports/new/ALU.v" into library xil_defaultlib
INFO: [VRFC 10-311] analyzing module ALU
WARNING: [VRFC 10-1315] redeclaration of ansi port C is not allowed [/home/steven/Desktop/vivado/HW5_pipeline/pipelined_CPU/pipelined_CPU.srcs/sources_1/imports/new/ALU.v:11]
WARNING: [VRFC 10-1315] redeclaration of ansi port Cout is not allowed [/home/steven/Desktop/vivado/HW5_pipeline/pipelined_CPU/pipelined_CPU.srcs/sources_1/imports/new/ALU.v:12]
INFO: [VRFC 10-2263] Analyzing Verilog file "/home/steven/Desktop/vivado/HW5_pipeline/pipelined_CPU/pipelined_CPU.srcs/sources_1/new/latches.v" into library xil_defaultlib
INFO: [VRFC 10-311] analyzing module latch
WARNING: [VRFC 10-1315] redeclaration of ansi port out is not allowed [/home/steven/Desktop/vivado/HW5_pipeline/pipelined_CPU/pipelined_CPU.srcs/sources_1/new/latches.v:17]
INFO: [VRFC 10-311] analyzing module latch2
WARNING: [VRFC 10-1315] redeclaration of ansi port out is not allowed [/home/steven/Desktop/vivado/HW5_pipeline/pipelined_CPU/pipelined_CPU.srcs/sources_1/new/latches.v:42]
INFO: [VRFC 10-311] analyzing module latch1
WARNING: [VRFC 10-1315] redeclaration of ansi port out is not allowed [/home/steven/Desktop/vivado/HW5_pipeline/pipelined_CPU/pipelined_CPU.srcs/sources_1/new/latches.v:68]
INFO: [VRFC 10-311] analyzing module latch4
WARNING: [VRFC 10-1315] redeclaration of ansi port out is not allowed [/home/steven/Desktop/vivado/HW5_pipeline/pipelined_CPU/pipelined_CPU.srcs/sources_1/new/latches.v:92]
INFO: [VRFC 10-311] analyzing module IFID
INFO: [VRFC 10-311] analyzing module IDEX
INFO: [VRFC 10-311] analyzing module EXMEM
INFO: [VRFC 10-311] analyzing module MEMWB
INFO: [VRFC 10-2263] Analyzing Verilog file "/home/steven/Desktop/vivado/HW5_pipeline/pipelined_CPU/pipelined_CPU.srcs/sources_1/new/control.v" into library xil_defaultlib
INFO: [VRFC 10-311] analyzing module control
WARNING: [VRFC 10-1315] redeclaration of ansi port ALUsrc is not allowed [/home/steven/Desktop/vivado/HW5_pipeline/pipelined_CPU/pipelined_CPU.srcs/sources_1/new/control.v:31]
WARNING: [VRFC 10-1315] redeclaration of ansi port RegDist is not allowed [/home/steven/Desktop/vivado/HW5_pipeline/pipelined_CPU/pipelined_CPU.srcs/sources_1/new/control.v:32]
WARNING: [VRFC 10-1315] redeclaration of ansi port MemWrite is not allowed [/home/steven/Desktop/vivado/HW5_pipeline/pipelined_CPU/pipelined_CPU.srcs/sources_1/new/control.v:33]
WARNING: [VRFC 10-1315] redeclaration of ansi port MemRead is not allowed [/home/steven/Desktop/vivado/HW5_pipeline/pipelined_CPU/pipelined_CPU.srcs/sources_1/new/control.v:34]
WARNING: [VRFC 10-1315] redeclaration of ansi port MemtoReg is not allowed [/home/steven/Desktop/vivado/HW5_pipeline/pipelined_CPU/pipelined_CPU.srcs/sources_1/new/control.v:35]
WARNING: [VRFC 10-1315] redeclaration of ansi port RegWrite is not allowed [/home/steven/Desktop/vivado/HW5_pipeline/pipelined_CPU/pipelined_CPU.srcs/sources_1/new/control.v:36]
WARNING: [VRFC 10-1315] redeclaration of ansi port Alucode is not allowed [/home/steven/Desktop/vivado/HW5_pipeline/pipelined_CPU/pipelined_CPU.srcs/sources_1/new/control.v:37]
WARNING: [VRFC 10-1315] redeclaration of ansi port Jump is not allowed [/home/steven/Desktop/vivado/HW5_pipeline/pipelined_CPU/pipelined_CPU.srcs/sources_1/new/control.v:38]
WARNING: [VRFC 10-1315] redeclaration of ansi port JumpR is not allowed [/home/steven/Desktop/vivado/HW5_pipeline/pipelined_CPU/pipelined_CPU.srcs/sources_1/new/control.v:39]
WARNING: [VRFC 10-1315] redeclaration of ansi port Branch is not allowed [/home/steven/Desktop/vivado/HW5_pipeline/pipelined_CPU/pipelined_CPU.srcs/sources_1/new/control.v:40]
WARNING: [VRFC 10-1315] redeclaration of ansi port Halt is not allowed [/home/steven/Desktop/vivado/HW5_pipeline/pipelined_CPU/pipelined_CPU.srcs/sources_1/new/control.v:41]
WARNING: [VRFC 10-1315] redeclaration of ansi port isFetched is not allowed [/home/steven/Desktop/vivado/HW5_pipeline/pipelined_CPU/pipelined_CPU.srcs/sources_1/new/control.v:43]
WARNING: [VRFC 10-1315] redeclaration of ansi port WWD is not allowed [/home/steven/Desktop/vivado/HW5_pipeline/pipelined_CPU/pipelined_CPU.srcs/sources_1/new/control.v:44]
INFO: [VRFC 10-2263] Analyzing Verilog file "/home/steven/Desktop/vivado/HW5_pipeline/pipelined_CPU/pipelined_CPU.srcs/sources_1/new/datapath.v" into library xil_defaultlib
INFO: [VRFC 10-311] analyzing module datapath
WARNING: [VRFC 10-1315] redeclaration of ansi port inst is not allowed [/home/steven/Desktop/vivado/HW5_pipeline/pipelined_CPU/pipelined_CPU.srcs/sources_1/new/datapath.v:78]
WARNING: [VRFC 10-1315] redeclaration of ansi port to_output_port is not allowed [/home/steven/Desktop/vivado/HW5_pipeline/pipelined_CPU/pipelined_CPU.srcs/sources_1/new/datapath.v:79]
WARNING: [VRFC 10-1315] redeclaration of ansi port is_halted is not allowed [/home/steven/Desktop/vivado/HW5_pipeline/pipelined_CPU/pipelined_CPU.srcs/sources_1/new/datapath.v:80]
WARNING: [VRFC 10-1315] redeclaration of ansi port isStalled is not allowed [/home/steven/Desktop/vivado/HW5_pipeline/pipelined_CPU/pipelined_CPU.srcs/sources_1/new/datapath.v:83]
WARNING: [VRFC 10-1315] redeclaration of ansi port IDEX_Flush is not allowed [/home/steven/Desktop/vivado/HW5_pipeline/pipelined_CPU/pipelined_CPU.srcs/sources_1/new/datapath.v:85]
WARNING: [VRFC 10-1315] redeclaration of ansi port jumpAddr is not allowed [/home/steven/Desktop/vivado/HW5_pipeline/pipelined_CPU/pipelined_CPU.srcs/sources_1/new/datapath.v:100]
WARNING: [VRFC 10-1315] redeclaration of ansi port branchAddr is not allowed [/home/steven/Desktop/vivado/HW5_pipeline/pipelined_CPU/pipelined_CPU.srcs/sources_1/new/datapath.v:101]
WARNING: [VRFC 10-1315] redeclaration of ansi port pc_in is not allowed [/home/steven/Desktop/vivado/HW5_pipeline/pipelined_CPU/pipelined_CPU.srcs/sources_1/new/datapath.v:109]
WARNING: [VRFC 10-1315] redeclaration of ansi port pc_out is not allowed [/home/steven/Desktop/vivado/HW5_pipeline/pipelined_CPU/pipelined_CPU.srcs/sources_1/new/datapath.v:110]
WARNING: [VRFC 10-1315] redeclaration of ansi port ID_pc is not allowed [/home/steven/Desktop/vivado/HW5_pipeline/pipelined_CPU/pipelined_CPU.srcs/sources_1/new/datapath.v:119]
WARNING: [VRFC 10-1315] redeclaration of ansi port EX_pc is not allowed [/home/steven/Desktop/vivado/HW5_pipeline/pipelined_CPU/pipelined_CPU.srcs/sources_1/new/datapath.v:142]
WARNING: [VRFC 10-1315] redeclaration of ansi port PCsrc is not allowed [/home/steven/Desktop/vivado/HW5_pipeline/pipelined_CPU/pipelined_CPU.srcs/sources_1/new/datapath.v:185]
WARNING: [VRFC 10-1315] redeclaration of ansi port EX_Branch is not allowed [/home/steven/Desktop/vivado/HW5_pipeline/pipelined_CPU/pipelined_CPU.srcs/sources_1/new/datapath.v:208]
WARNING: [VRFC 10-1315] redeclaration of ansi port pc_next is not allowed [/home/steven/Desktop/vivado/HW5_pipeline/pipelined_CPU/pipelined_CPU.srcs/sources_1/new/datapath.v:299]
WARNING: [VRFC 10-1315] redeclaration of ansi port ID_pc_pred is not allowed [/home/steven/Desktop/vivado/HW5_pipeline/pipelined_CPU/pipelined_CPU.srcs/sources_1/new/datapath.v:308]
WARNING: [VRFC 10-1315] redeclaration of ansi port EX_pc_pred is not allowed [/home/steven/Desktop/vivado/HW5_pipeline/pipelined_CPU/pipelined_CPU.srcs/sources_1/new/datapath.v:309]
WARNING: [VRFC 10-1315] redeclaration of ansi port jumpPred is not allowed [/home/steven/Desktop/vivado/HW5_pipeline/pipelined_CPU/pipelined_CPU.srcs/sources_1/new/datapath.v:316]
WARNING: [VRFC 10-1315] redeclaration of ansi port branchPred is not allowed [/home/steven/Desktop/vivado/HW5_pipeline/pipelined_CPU/pipelined_CPU.srcs/sources_1/new/datapath.v:317]
WARNING: [VRFC 10-1315] redeclaration of ansi port branchMissPred is not allowed [/home/steven/Desktop/vivado/HW5_pipeline/pipelined_CPU/pipelined_CPU.srcs/sources_1/new/datapath.v:318]
WARNING: [VRFC 10-1315] redeclaration of ansi port b_cond is not allowed [/home/steven/Desktop/vivado/HW5_pipeline/pipelined_CPU/pipelined_CPU.srcs/sources_1/new/datapath.v:319]
WARNING: [VRFC 10-1315] redeclaration of ansi port i_readM is not allowed [/home/steven/Desktop/vivado/HW5_pipeline/pipelined_CPU/pipelined_CPU.srcs/sources_1/new/datapath.v:350]
WARNING: [VRFC 10-1315] redeclaration of ansi port i_writeM is not allowed [/home/steven/Desktop/vivado/HW5_pipeline/pipelined_CPU/pipelined_CPU.srcs/sources_1/new/datapath.v:351]
WARNING: [VRFC 10-1315] redeclaration of ansi port i_address is not allowed [/home/steven/Desktop/vivado/HW5_pipeline/pipelined_CPU/pipelined_CPU.srcs/sources_1/new/datapath.v:352]
WARNING: [VRFC 10-1315] redeclaration of ansi port i_data is not allowed [/home/steven/Desktop/vivado/HW5_pipeline/pipelined_CPU/pipelined_CPU.srcs/sources_1/new/datapath.v:353]
WARNING: [VRFC 10-1315] redeclaration of ansi port d_readM is not allowed [/home/steven/Desktop/vivado/HW5_pipeline/pipelined_CPU/pipelined_CPU.srcs/sources_1/new/datapath.v:365]
WARNING: [VRFC 10-1315] redeclaration of ansi port d_writeM is not allowed [/home/steven/Desktop/vivado/HW5_pipeline/pipelined_CPU/pipelined_CPU.srcs/sources_1/new/datapath.v:366]
WARNING: [VRFC 10-1315] redeclaration of ansi port d_address is not allowed [/home/steven/Desktop/vivado/HW5_pipeline/pipelined_CPU/pipelined_CPU.srcs/sources_1/new/datapath.v:367]
WARNING: [VRFC 10-1315] redeclaration of ansi port d_data is not allowed [/home/steven/Desktop/vivado/HW5_pipeline/pipelined_CPU/pipelined_CPU.srcs/sources_1/new/datapath.v:368]
INFO: [VRFC 10-2263] Analyzing Verilog file "/home/steven/Desktop/vivado/HW5_pipeline/pipelined_CPU/pipelined_CPU.srcs/sources_1/imports/HW5/cpu.v" into library xil_defaultlib
INFO: [VRFC 10-311] analyzing module cpu
WARNING: [VRFC 10-1315] redeclaration of ansi port num_inst is not allowed [/home/steven/Desktop/vivado/HW5_pipeline/pipelined_CPU/pipelined_CPU.srcs/sources_1/imports/HW5/cpu.v:57]
WARNING: [VRFC 10-1315] redeclaration of ansi port output_port is not allowed [/home/steven/Desktop/vivado/HW5_pipeline/pipelined_CPU/pipelined_CPU.srcs/sources_1/imports/HW5/cpu.v:58]
WARNING: [VRFC 10-1315] redeclaration of ansi port pc_out is not allowed [/home/steven/Desktop/vivado/HW5_pipeline/pipelined_CPU/pipelined_CPU.srcs/sources_1/imports/HW5/cpu.v:90]
WARNING: [VRFC 10-1315] redeclaration of ansi port pc_next is not allowed [/home/steven/Desktop/vivado/HW5_pipeline/pipelined_CPU/pipelined_CPU.srcs/sources_1/imports/HW5/cpu.v:91]
WARNING: [VRFC 10-1315] redeclaration of ansi port pc_in is not allowed [/home/steven/Desktop/vivado/HW5_pipeline/pipelined_CPU/pipelined_CPU.srcs/sources_1/imports/HW5/cpu.v:92]
WARNING: [VRFC 10-1315] redeclaration of ansi port ID_pc is not allowed [/home/steven/Desktop/vivado/HW5_pipeline/pipelined_CPU/pipelined_CPU.srcs/sources_1/imports/HW5/cpu.v:95]
WARNING: [VRFC 10-1315] redeclaration of ansi port ID_pc_pred is not allowed [/home/steven/Desktop/vivado/HW5_pipeline/pipelined_CPU/pipelined_CPU.srcs/sources_1/imports/HW5/cpu.v:96]
WARNING: [VRFC 10-1315] redeclaration of ansi port EX_pc is not allowed [/home/steven/Desktop/vivado/HW5_pipeline/pipelined_CPU/pipelined_CPU.srcs/sources_1/imports/HW5/cpu.v:97]
WARNING: [VRFC 10-1315] redeclaration of ansi port EX_pc_pred is not allowed [/home/steven/Desktop/vivado/HW5_pipeline/pipelined_CPU/pipelined_CPU.srcs/sources_1/imports/HW5/cpu.v:98]
WARNING: [VRFC 10-1315] redeclaration of ansi port jumpAddr is not allowed [/home/steven/Desktop/vivado/HW5_pipeline/pipelined_CPU/pipelined_CPU.srcs/sources_1/imports/HW5/cpu.v:100]
WARNING: [VRFC 10-1315] redeclaration of ansi port branchAddr is not allowed [/home/steven/Desktop/vivado/HW5_pipeline/pipelined_CPU/pipelined_CPU.srcs/sources_1/imports/HW5/cpu.v:101]
WARNING: [VRFC 10-1315] redeclaration of ansi port jumpPred is not allowed [/home/steven/Desktop/vivado/HW5_pipeline/pipelined_CPU/pipelined_CPU.srcs/sources_1/imports/HW5/cpu.v:104]
WARNING: [VRFC 10-1315] redeclaration of ansi port branchPred is not allowed [/home/steven/Desktop/vivado/HW5_pipeline/pipelined_CPU/pipelined_CPU.srcs/sources_1/imports/HW5/cpu.v:105]
WARNING: [VRFC 10-1315] redeclaration of ansi port branchMissPred is not allowed [/home/steven/Desktop/vivado/HW5_pipeline/pipelined_CPU/pipelined_CPU.srcs/sources_1/imports/HW5/cpu.v:106]
WARNING: [VRFC 10-1315] redeclaration of ansi port EX_Branch is not allowed [/home/steven/Desktop/vivado/HW5_pipeline/pipelined_CPU/pipelined_CPU.srcs/sources_1/imports/HW5/cpu.v:108]
WARNING: [VRFC 10-1315] redeclaration of ansi port b_cond is not allowed [/home/steven/Desktop/vivado/HW5_pipeline/pipelined_CPU/pipelined_CPU.srcs/sources_1/imports/HW5/cpu.v:109]
WARNING: [VRFC 10-1315] redeclaration of ansi port PCsrc is not allowed [/home/steven/Desktop/vivado/HW5_pipeline/pipelined_CPU/pipelined_CPU.srcs/sources_1/imports/HW5/cpu.v:110]
INFO: [VRFC 10-2458] undeclared symbol IDEX_Flush, assumed default net type wire [/home/steven/Desktop/vivado/HW5_pipeline/pipelined_CPU/pipelined_CPU.srcs/sources_1/imports/HW5/cpu.v:115]
INFO: [VRFC 10-2458] undeclared symbol Halt, assumed default net type wire [/home/steven/Desktop/vivado/HW5_pipeline/pipelined_CPU/pipelined_CPU.srcs/sources_1/imports/HW5/cpu.v:162]
INFO: [VRFC 10-311] analyzing module brenchPred
WARNING: [VRFC 10-1315] redeclaration of ansi port pc_pred is not allowed [/home/steven/Desktop/vivado/HW5_pipeline/pipelined_CPU/pipelined_CPU.srcs/sources_1/imports/HW5/cpu.v:236]
INFO: [VRFC 10-311] analyzing module btb
WARNING: [VRFC 10-1315] redeclaration of ansi port valid is not allowed [/home/steven/Desktop/vivado/HW5_pipeline/pipelined_CPU/pipelined_CPU.srcs/sources_1/imports/HW5/cpu.v:302]
WARNING: [VRFC 10-1315] redeclaration of ansi port tag is not allowed [/home/steven/Desktop/vivado/HW5_pipeline/pipelined_CPU/pipelined_CPU.srcs/sources_1/imports/HW5/cpu.v:303]
WARNING: [VRFC 10-1315] redeclaration of ansi port addr is not allowed [/home/steven/Desktop/vivado/HW5_pipeline/pipelined_CPU/pipelined_CPU.srcs/sources_1/imports/HW5/cpu.v:304]
INFO: [VRFC 10-311] analyzing module btbLine
WARNING: [VRFC 10-1315] redeclaration of ansi port valid is not allowed [/home/steven/Desktop/vivado/HW5_pipeline/pipelined_CPU/pipelined_CPU.srcs/sources_1/imports/HW5/cpu.v:373]
WARNING: [VRFC 10-1315] redeclaration of ansi port tag is not allowed [/home/steven/Desktop/vivado/HW5_pipeline/pipelined_CPU/pipelined_CPU.srcs/sources_1/imports/HW5/cpu.v:374]
WARNING: [VRFC 10-1315] redeclaration of ansi port addr is not allowed [/home/steven/Desktop/vivado/HW5_pipeline/pipelined_CPU/pipelined_CPU.srcs/sources_1/imports/HW5/cpu.v:375]
INFO: [VRFC 10-2263] Analyzing Verilog file "/home/steven/Desktop/vivado/HW5_pipeline/pipelined_CPU/pipelined_CPU.srcs/sim_1/imports/HW5/cpu_TB.v" into library xil_defaultlib
INFO: [VRFC 10-311] analyzing module cpu_TB
INFO: [VRFC 10-2458] undeclared symbol d_outputData, assumed default net type wire [/home/steven/Desktop/vivado/HW5_pipeline/pipelined_CPU/pipelined_CPU.srcs/sim_1/imports/HW5/cpu_TB.v:109]
INFO: [VRFC 10-2263] Analyzing Verilog file "/home/steven/Desktop/vivado/HW5_pipeline/pipelined_CPU/pipelined_CPU.sim/sim_1/behav/glbl.v" into library xil_defaultlib
INFO: [VRFC 10-311] analyzing module glbl
